<?xml version="1.0" encoding="UTF-8"?>
<testsuite name="sem3indiv.controller.ExternalControllerTest2" tests="2" skipped="0" failures="0" errors="0" timestamp="2023-01-13T08:51:59" hostname="LAPTOP-FQG2IJSA" time="0.967">
  <properties/>
  <testcase name="updateCardImage_ShouldReturnException()" classname="sem3indiv.controller.ExternalControllerTest2" time="0.289"/>
  <testcase name="updateCardImage()" classname="sem3indiv.controller.ExternalControllerTest2" time="0.676"/>
  <system-out><![CDATA[2023-01-13 09:51:58.688  INFO 16728 --- [    Test worker] .b.t.a.w.s.WebMvcTestContextBootstrapper : Neither @ContextConfiguration nor @ContextHierarchy found for test class [sem3indiv.controller.ExternalControllerTest2], using SpringBootContextLoader
2023-01-13 09:51:58.689  INFO 16728 --- [    Test worker] o.s.t.c.support.AbstractContextLoader    : Could not detect default resource locations for test class [sem3indiv.controller.ExternalControllerTest2]: no resource found for suffixes {-context.xml, Context.groovy}.
2023-01-13 09:51:58.690  INFO 16728 --- [    Test worker] t.c.s.AnnotationConfigContextLoaderUtils : Could not detect default configuration classes for test class [sem3indiv.controller.ExternalControllerTest2]: ExternalControllerTest2 does not declare any static, non-private, non-final, nested classes annotated with @Configuration.
2023-01-13 09:51:58.698  INFO 16728 --- [    Test worker] .b.t.c.SpringBootTestContextBootstrapper : Found @SpringBootConfiguration sem3indiv.Sem3IndivApplication for test class sem3indiv.controller.ExternalControllerTest2
2023-01-13 09:51:58.699  INFO 16728 --- [    Test worker] .b.t.a.w.s.WebMvcTestContextBootstrapper : Loaded default TestExecutionListener class names from location [META-INF/spring.factories]: [org.springframework.boot.test.autoconfigure.restdocs.RestDocsTestExecutionListener, org.springframework.boot.test.autoconfigure.web.client.MockRestServiceServerResetTestExecutionListener, org.springframework.boot.test.autoconfigure.web.servlet.MockMvcPrintOnlyOnFailureTestExecutionListener, org.springframework.boot.test.autoconfigure.web.servlet.WebDriverTestExecutionListener, org.springframework.boot.test.autoconfigure.webservices.client.MockWebServiceServerTestExecutionListener, org.springframework.boot.test.mock.mockito.MockitoTestExecutionListener, org.springframework.boot.test.mock.mockito.ResetMocksTestExecutionListener, org.springframework.test.context.web.ServletTestExecutionListener, org.springframework.test.context.support.DirtiesContextBeforeModesTestExecutionListener, org.springframework.test.context.event.ApplicationEventsTestExecutionListener, org.springframework.test.context.support.DependencyInjectionTestExecutionListener, org.springframework.test.context.support.DirtiesContextTestExecutionListener, org.springframework.test.context.transaction.TransactionalTestExecutionListener, org.springframework.test.context.jdbc.SqlScriptsTestExecutionListener, org.springframework.test.context.event.EventPublishingTestExecutionListener]
2023-01-13 09:51:58.700  INFO 16728 --- [    Test worker] .b.t.a.w.s.WebMvcTestContextBootstrapper : Using TestExecutionListeners: [org.springframework.test.context.web.ServletTestExecutionListener@120e3ebb, org.springframework.test.context.support.DirtiesContextBeforeModesTestExecutionListener@753f1c3e, org.springframework.test.context.event.ApplicationEventsTestExecutionListener@5e9af5d4, org.springframework.boot.test.mock.mockito.MockitoTestExecutionListener@6fd2b939, org.springframework.boot.test.autoconfigure.SpringBootDependencyInjectionTestExecutionListener@c4aa99e, org.springframework.test.context.support.DirtiesContextTestExecutionListener@1199ac5, org.springframework.test.context.transaction.TransactionalTestExecutionListener@824eb67, org.springframework.test.context.jdbc.SqlScriptsTestExecutionListener@72c5902b, org.springframework.test.context.event.EventPublishingTestExecutionListener@2b9ac1b4, org.springframework.boot.test.autoconfigure.restdocs.RestDocsTestExecutionListener@6618b9b0, org.springframework.boot.test.autoconfigure.web.client.MockRestServiceServerResetTestExecutionListener@49c819c7, org.springframework.boot.test.autoconfigure.web.servlet.MockMvcPrintOnlyOnFailureTestExecutionListener@17d28c1d, org.springframework.boot.test.autoconfigure.web.servlet.WebDriverTestExecutionListener@6ab86832, org.springframework.boot.test.autoconfigure.webservices.client.MockWebServiceServerTestExecutionListener@49ce89ec, org.springframework.boot.test.mock.mockito.ResetMocksTestExecutionListener@4041b733]
]]></system-out>
  <system-err><![CDATA[]]></system-err>
</testsuite>
