<?xml version="1.0" encoding="UTF-8"?>
<testsuite name="sem3indiv.logic.impl.CreateUserUseCaseImplTest" tests="1" skipped="0" failures="0" errors="0" timestamp="2023-01-11T16:23:08" hostname="LAPTOP-FQG2IJSA" time="0.093">
  <properties/>
  <testcase name="createUser()" classname="sem3indiv.logic.impl.CreateUserUseCaseImplTest" time="0.093"/>
  <system-out><![CDATA[]]></system-out>
  <system-err><![CDATA[]]></system-err>
</testsuite>
