<?xml version="1.0" encoding="UTF-8"?>
<testsuite name="sem3indiv.logic.impl.UpdateCardUseCaseImplTest" tests="2" skipped="0" failures="0" errors="0" timestamp="2023-01-11T16:23:08" hostname="LAPTOP-FQG2IJSA" time="0.006">
  <properties/>
  <testcase name="updateCard_ShouldReturnException()" classname="sem3indiv.logic.impl.UpdateCardUseCaseImplTest" time="0.004"/>
  <testcase name="updateCard()" classname="sem3indiv.logic.impl.UpdateCardUseCaseImplTest" time="0.002"/>
  <system-out><![CDATA[]]></system-out>
  <system-err><![CDATA[]]></system-err>
</testsuite>
