<?xml version="1.0" encoding="UTF-8"?>
<testsuite name="Sem3Indiv.logic.impl.GetCardsUseCaseImplTest" tests="1" skipped="0" failures="0" errors="0" timestamp="2022-09-16T09:18:02" hostname="LAPTOP-FQG2IJSA" time="0.123">
  <properties/>
  <testcase name="getCards_ShouldReturnAllCardsConverted()" classname="Sem3Indiv.logic.impl.GetCardsUseCaseImplTest" time="0.123"/>
  <system-out><![CDATA[]]></system-out>
  <system-err><![CDATA[]]></system-err>
</testsuite>
