<?xml version="1.0" encoding="UTF-8"?>
<testsuite name="sem3indiv.logic.impl.GetUsersUseCaseImplTest" tests="1" skipped="0" failures="0" errors="0" timestamp="2023-01-11T16:23:08" hostname="LAPTOP-FQG2IJSA" time="0.005">
  <properties/>
  <testcase name="getUsers()" classname="sem3indiv.logic.impl.GetUsersUseCaseImplTest" time="0.005"/>
  <system-out><![CDATA[]]></system-out>
  <system-err><![CDATA[]]></system-err>
</testsuite>
