<?xml version="1.0" encoding="UTF-8"?>
<testsuite name="sem3indiv.controller.BanlistControllerTest" tests="1" skipped="0" failures="0" errors="0" timestamp="2023-01-13T08:43:53" hostname="LAPTOP-FQG2IJSA" time="0.257">
  <properties/>
  <testcase name="getBanlists()" classname="sem3indiv.controller.BanlistControllerTest" time="0.257"/>
  <system-out><![CDATA[09:43:48.384 [Test worker] DEBUG org.springframework.test.context.BootstrapUtils - Instantiating CacheAwareContextLoaderDelegate from class [org.springframework.test.context.cache.DefaultCacheAwareContextLoaderDelegate]
09:43:48.412 [Test worker] DEBUG org.springframework.test.context.BootstrapUtils - Instantiating BootstrapContext using constructor [public org.springframework.test.context.support.DefaultBootstrapContext(java.lang.Class,org.springframework.test.context.CacheAwareContextLoaderDelegate)]
09:43:48.505 [Test worker] DEBUG org.springframework.test.context.BootstrapUtils - Instantiating TestContextBootstrapper for test class [sem3indiv.controller.BanlistControllerTest] from class [org.springframework.boot.test.autoconfigure.web.servlet.WebMvcTestContextBootstrapper]
09:43:48.531 [Test worker] INFO org.springframework.boot.test.autoconfigure.web.servlet.WebMvcTestContextBootstrapper - Neither @ContextConfiguration nor @ContextHierarchy found for test class [sem3indiv.controller.BanlistControllerTest], using SpringBootContextLoader
09:43:48.540 [Test worker] DEBUG org.springframework.test.context.support.AbstractContextLoader - Did not detect default resource location for test class [sem3indiv.controller.BanlistControllerTest]: class path resource [sem3indiv/controller/BanlistControllerTest-context.xml] does not exist
09:43:48.542 [Test worker] DEBUG org.springframework.test.context.support.AbstractContextLoader - Did not detect default resource location for test class [sem3indiv.controller.BanlistControllerTest]: class path resource [sem3indiv/controller/BanlistControllerTestContext.groovy] does not exist
09:43:48.542 [Test worker] INFO org.springframework.test.context.support.AbstractContextLoader - Could not detect default resource locations for test class [sem3indiv.controller.BanlistControllerTest]: no resource found for suffixes {-context.xml, Context.groovy}.
09:43:48.543 [Test worker] INFO org.springframework.test.context.support.AnnotationConfigContextLoaderUtils - Could not detect default configuration classes for test class [sem3indiv.controller.BanlistControllerTest]: BanlistControllerTest does not declare any static, non-private, non-final, nested classes annotated with @Configuration.
09:43:48.674 [Test worker] DEBUG org.springframework.test.context.support.ActiveProfilesUtils - Could not find an 'annotation declaring class' for annotation type [org.springframework.test.context.ActiveProfiles] and class [sem3indiv.controller.BanlistControllerTest]
09:43:48.816 [Test worker] DEBUG org.springframework.context.annotation.ClassPathScanningCandidateComponentProvider - Identified candidate component class: file [C:\Users\timve\Desktop\Fontys\Sem3\Individuele-opdracht\git\JavaProject\Sem3Individual\build\classes\java\main\sem3indiv\Sem3IndivApplication.class]
09:43:48.817 [Test worker] INFO org.springframework.boot.test.context.SpringBootTestContextBootstrapper - Found @SpringBootConfiguration sem3indiv.Sem3IndivApplication for test class sem3indiv.controller.BanlistControllerTest
09:43:48.822 [Test worker] DEBUG org.springframework.boot.test.autoconfigure.web.servlet.WebMvcTestContextBootstrapper - @TestExecutionListeners is not present for class [sem3indiv.controller.BanlistControllerTest]: using defaults.
09:43:48.823 [Test worker] INFO org.springframework.boot.test.autoconfigure.web.servlet.WebMvcTestContextBootstrapper - Loaded default TestExecutionListener class names from location [META-INF/spring.factories]: [org.springframework.boot.test.autoconfigure.restdocs.RestDocsTestExecutionListener, org.springframework.boot.test.autoconfigure.web.client.MockRestServiceServerResetTestExecutionListener, org.springframework.boot.test.autoconfigure.web.servlet.MockMvcPrintOnlyOnFailureTestExecutionListener, org.springframework.boot.test.autoconfigure.web.servlet.WebDriverTestExecutionListener, org.springframework.boot.test.autoconfigure.webservices.client.MockWebServiceServerTestExecutionListener, org.springframework.boot.test.mock.mockito.MockitoTestExecutionListener, org.springframework.boot.test.mock.mockito.ResetMocksTestExecutionListener, org.springframework.test.context.web.ServletTestExecutionListener, org.springframework.test.context.support.DirtiesContextBeforeModesTestExecutionListener, org.springframework.test.context.event.ApplicationEventsTestExecutionListener, org.springframework.test.context.support.DependencyInjectionTestExecutionListener, org.springframework.test.context.support.DirtiesContextTestExecutionListener, org.springframework.test.context.transaction.TransactionalTestExecutionListener, org.springframework.test.context.jdbc.SqlScriptsTestExecutionListener, org.springframework.test.context.event.EventPublishingTestExecutionListener]
09:43:48.866 [Test worker] INFO org.springframework.boot.test.autoconfigure.web.servlet.WebMvcTestContextBootstrapper - Using TestExecutionListeners: [org.springframework.test.context.web.ServletTestExecutionListener@67507df, org.springframework.test.context.support.DirtiesContextBeforeModesTestExecutionListener@341b13a8, org.springframework.test.context.event.ApplicationEventsTestExecutionListener@692dba54, org.springframework.boot.test.mock.mockito.MockitoTestExecutionListener@71f1cc02, org.springframework.boot.test.autoconfigure.SpringBootDependencyInjectionTestExecutionListener@5f14761c, org.springframework.test.context.support.DirtiesContextTestExecutionListener@33feb805, org.springframework.test.context.transaction.TransactionalTestExecutionListener@37854b34, org.springframework.test.context.jdbc.SqlScriptsTestExecutionListener@48eb001a, org.springframework.test.context.event.EventPublishingTestExecutionListener@34332b8d, org.springframework.boot.test.autoconfigure.restdocs.RestDocsTestExecutionListener@724b939e, org.springframework.boot.test.autoconfigure.web.client.MockRestServiceServerResetTestExecutionListener@6f8aba08, org.springframework.boot.test.autoconfigure.web.servlet.MockMvcPrintOnlyOnFailureTestExecutionListener@7ff19c33, org.springframework.boot.test.autoconfigure.web.servlet.WebDriverTestExecutionListener@52b3bf03, org.springframework.boot.test.autoconfigure.webservices.client.MockWebServiceServerTestExecutionListener@7cca01a8, org.springframework.boot.test.mock.mockito.ResetMocksTestExecutionListener@462abec3]
09:43:48.914 [Test worker] DEBUG org.springframework.test.context.support.AbstractDirtiesContextTestExecutionListener - Before test class: context [DefaultTestContext@4086d8fb testClass = BanlistControllerTest, testInstance = [null], testMethod = [null], testException = [null], mergedContextConfiguration = [WebMergedContextConfiguration@66236a0a testClass = BanlistControllerTest, locations = '{}', classes = '{class sem3indiv.Sem3IndivApplication}', contextInitializerClasses = '[]', activeProfiles = '{}', propertySourceLocations = '{}', propertySourceProperties = '{org.springframework.boot.test.autoconfigure.web.servlet.WebMvcTestContextBootstrapper=true}', contextCustomizers = set[org.springframework.boot.test.autoconfigure.OverrideAutoConfigurationContextCustomizerFactory$DisableAutoConfigurationContextCustomizer@55a88417, org.springframework.boot.test.autoconfigure.actuate.metrics.MetricsExportContextCustomizerFactory$DisableMetricExportContextCustomizer@19962194, org.springframework.boot.test.autoconfigure.filter.TypeExcludeFiltersContextCustomizer@435f71e4, org.springframework.boot.test.autoconfigure.properties.PropertyMappingContextCustomizer@5c156cf, org.springframework.boot.test.autoconfigure.web.servlet.WebDriverContextCustomizerFactory$Customizer@6884f0d9, [ImportsContextCustomizer@2e3572e8 key = [org.springframework.boot.autoconfigure.cache.CacheAutoConfiguration, org.springframework.boot.autoconfigure.context.MessageSourceAutoConfiguration, org.springframework.boot.autoconfigure.data.web.SpringDataWebAutoConfiguration, org.springframework.boot.autoconfigure.freemarker.FreeMarkerAutoConfiguration, org.springframework.boot.autoconfigure.groovy.template.GroovyTemplateAutoConfiguration, org.springframework.boot.autoconfigure.gson.GsonAutoConfiguration, org.springframework.boot.autoconfigure.hateoas.HypermediaAutoConfiguration, org.springframework.boot.autoconfigure.http.HttpMessageConvertersAutoConfiguration, org.springframework.boot.autoconfigure.jackson.JacksonAutoConfiguration, org.springframework.boot.autoconfigure.jsonb.JsonbAutoConfiguration, org.springframework.boot.autoconfigure.mustache.MustacheAutoConfiguration, org.springframework.boot.autoconfigure.task.TaskExecutionAutoConfiguration, org.springframework.boot.autoconfigure.thymeleaf.ThymeleafAutoConfiguration, org.springframework.boot.autoconfigure.validation.ValidationAutoConfiguration, org.springframework.boot.autoconfigure.web.servlet.error.ErrorMvcAutoConfiguration, org.springframework.boot.autoconfigure.web.servlet.HttpEncodingAutoConfiguration, org.springframework.boot.autoconfigure.web.servlet.WebMvcAutoConfiguration, org.springframework.boot.test.autoconfigure.web.servlet.MockMvcAutoConfiguration, org.springframework.boot.test.autoconfigure.web.servlet.MockMvcWebClientAutoConfiguration, org.springframework.boot.test.autoconfigure.web.servlet.MockMvcWebDriverAutoConfiguration, org.springframework.boot.autoconfigure.security.oauth2.client.servlet.OAuth2ClientAutoConfiguration, org.springframework.boot.autoconfigure.security.oauth2.resource.servlet.OAuth2ResourceServerAutoConfiguration, org.springframework.boot.autoconfigure.security.servlet.SecurityAutoConfiguration, org.springframework.boot.autoconfigure.security.servlet.SecurityFilterAutoConfiguration, org.springframework.boot.autoconfigure.security.servlet.UserDetailsServiceAutoConfiguration, org.springframework.boot.test.autoconfigure.web.servlet.MockMvcSecurityConfiguration, org.springframework.boot.test.autoconfigure.web.reactive.WebTestClientAutoConfiguration]], org.springframework.boot.test.context.filter.ExcludeFilterContextCustomizer@1f11f64e, org.springframework.boot.test.json.DuplicateJsonObjectContextCustomizerFactory$DuplicateJsonObjectContextCustomizer@612e21b9, org.springframework.boot.test.mock.mockito.MockitoContextCustomizer@f70f7d48, org.springframework.boot.test.context.SpringBootTestArgs@1, org.springframework.boot.test.context.SpringBootTestWebEnvironment@0], resourceBasePath = 'src/main/webapp', contextLoader = 'org.springframework.boot.test.context.SpringBootContextLoader', parent = [null]], attributes = map[[empty]]], class annotated with @DirtiesContext [false] with mode [null].

  .   ____          _            __ _ _
 /\\ / ___'_ __ _ _(_)_ __  __ _ \ \ \ \
( ( )\___ | '_ | '_| | '_ \/ _` | \ \ \ \
 \\/  ___)| |_)| | | | | || (_| |  ) ) ) )
  '  |____| .__|_| |_|_| |_\__, | / / / /
 =========|_|==============|___/=/_/_/_/
 :: Spring Boot ::                (v2.7.3)

2023-01-13 09:43:49.646  INFO 31356 --- [    Test worker] s.controller.BanlistControllerTest       : Starting BanlistControllerTest using Java 17.0.4.1 on LAPTOP-FQG2IJSA with PID 31356 (started by timv in C:\Users\timve\Desktop\Fontys\Sem3\Individuele-opdracht\git\JavaProject\Sem3Individual)
2023-01-13 09:43:49.647  INFO 31356 --- [    Test worker] s.controller.BanlistControllerTest       : No active profile set, falling back to 1 default profile: "default"
2023-01-13 09:43:51.997  WARN 31356 --- [    Test worker] .s.s.UserDetailsServiceAutoConfiguration : 

Using generated security password: 95653dca-286c-413d-953b-44f53ff5f233

This generated password is for development use only. Your security configuration must be updated before running your application in production.

2023-01-13 09:43:52.220  INFO 31356 --- [    Test worker] o.s.s.web.DefaultSecurityFilterChain     : Will secure any request with [org.springframework.security.web.session.DisableEncodeUrlFilter@4b38d912, org.springframework.security.web.context.request.async.WebAsyncManagerIntegrationFilter@626e5554, org.springframework.security.web.context.SecurityContextPersistenceFilter@16817bad, org.springframework.security.web.header.HeaderWriterFilter@2850fe85, org.springframework.security.web.authentication.logout.LogoutFilter@58052571, org.springframework.security.web.savedrequest.RequestCacheAwareFilter@399ac1a3, org.springframework.security.web.servletapi.SecurityContextHolderAwareRequestFilter@29422e61, org.springframework.security.web.authentication.AnonymousAuthenticationFilter@6ee34fe4, org.springframework.security.web.session.SessionManagementFilter@440d45c5, org.springframework.security.web.access.ExceptionTranslationFilter@6ea4b4b2]
2023-01-13 09:43:53.064  INFO 31356 --- [    Test worker] o.s.b.t.m.w.SpringBootMockServletContext : Initializing Spring TestDispatcherServlet ''
2023-01-13 09:43:53.064  INFO 31356 --- [    Test worker] o.s.t.web.servlet.TestDispatcherServlet  : Initializing Servlet ''
2023-01-13 09:43:53.066  INFO 31356 --- [    Test worker] o.s.t.web.servlet.TestDispatcherServlet  : Completed initialization in 2 ms
2023-01-13 09:43:53.111  INFO 31356 --- [    Test worker] s.controller.BanlistControllerTest       : Started BanlistControllerTest in 4.106 seconds (JVM running for 6.387)

MockHttpServletRequest:
      HTTP Method = GET
      Request URI = /banlists
       Parameters = {}
          Headers = []
             Body = null
    Session Attrs = {}

Handler:
             Type = sem3indiv.controller.BanlistController
           Method = sem3indiv.controller.BanlistController#getBanlists()

Async:
    Async started = false
     Async result = null

Resolved Exception:
             Type = null

ModelAndView:
        View name = null
             View = null
            Model = null

FlashMap:
       Attributes = null

MockHttpServletResponse:
           Status = 200
    Error message = null
          Headers = [Vary:"Origin", "Access-Control-Request-Method", "Access-Control-Request-Headers", Content-Type:"application/json", X-Content-Type-Options:"nosniff", X-XSS-Protection:"1; mode=block", Cache-Control:"no-cache, no-store, max-age=0, must-revalidate", Pragma:"no-cache", Expires:"0", X-Frame-Options:"DENY"]
     Content type = application/json
             Body = {"banlists":[{"id":1,"name":"Banlist Number One","user":{"id":null,"type":"User","username":"TestUser","password":"Bruh"},"banlistItems":[{"id":1,"cards":[{"id":null,"name":"Testcard","type":"Normal Monster","desc":"This is a test card.","atk":500,"def":250,"level":3,"race":"Insect","attribute":"EARTH","link":0,"ogbanlist":"TCG","card_image":null}],"bantype":"Forbidden"},{"id":2,"cards":[{"id":null,"name":"TestcardLimited","type":"Normal Monster","desc":"This is a test card.","atk":500,"def":250,"level":3,"race":"Insect","attribute":"EARTH","link":0,"ogbanlist":"TCG","card_image":null}],"bantype":"Limited"},{"id":3,"cards":[{"id":null,"name":"TestcardSemiLimited","type":"Normal Monster","desc":"This is a test card.","atk":500,"def":250,"level":3,"race":"Insect","attribute":"EARTH","link":0,"ogbanlist":"TCG","card_image":null}],"bantype":"Semi-Limited"}]},{"id":2,"name":"Banlist Number Two","user":{"id":null,"type":"User","username":"TestUser","password":"Bruh"},"banlistItems":[{"id":4,"cards":[{"id":null,"name":"TestcardLimited","type":"Normal Monster","desc":"This is a test card.","atk":500,"def":250,"level":3,"race":"Insect","attribute":"EARTH","link":0,"ogbanlist":"TCG","card_image":null}],"bantype":"Forbidden"},{"id":5,"cards":[{"id":null,"name":"TestcardSemiLimited","type":"Normal Monster","desc":"This is a test card.","atk":500,"def":250,"level":3,"race":"Insect","attribute":"EARTH","link":0,"ogbanlist":"TCG","card_image":null}],"bantype":"Limited"},{"id":6,"cards":[{"id":null,"name":"Testcard","type":"Normal Monster","desc":"This is a test card.","atk":500,"def":250,"level":3,"race":"Insect","attribute":"EARTH","link":0,"ogbanlist":"TCG","card_image":null}],"bantype":"Semi-Limited"}]}]}
    Forwarded URL = null
   Redirected URL = null
          Cookies = []
]]></system-out>
  <system-err><![CDATA[]]></system-err>
</testsuite>
