<?xml version="1.0" encoding="UTF-8"?>
<testsuite name="sem3indiv.controller.CardControllerTest" tests="1" skipped="0" failures="0" errors="0" timestamp="2023-01-13T08:43:54" hostname="LAPTOP-FQG2IJSA" time="0.015">
  <properties/>
  <testcase name="getCards()" classname="sem3indiv.controller.CardControllerTest" time="0.015"/>
  <system-out><![CDATA[2023-01-13 09:43:53.388  INFO 31356 --- [    Test worker] .b.t.a.w.s.WebMvcTestContextBootstrapper : Neither @ContextConfiguration nor @ContextHierarchy found for test class [sem3indiv.controller.CardControllerTest], using SpringBootContextLoader
2023-01-13 09:43:53.388  INFO 31356 --- [    Test worker] o.s.t.c.support.AbstractContextLoader    : Could not detect default resource locations for test class [sem3indiv.controller.CardControllerTest]: no resource found for suffixes {-context.xml, Context.groovy}.
2023-01-13 09:43:53.389  INFO 31356 --- [    Test worker] t.c.s.AnnotationConfigContextLoaderUtils : Could not detect default configuration classes for test class [sem3indiv.controller.CardControllerTest]: CardControllerTest does not declare any static, non-private, non-final, nested classes annotated with @Configuration.
2023-01-13 09:43:53.396  INFO 31356 --- [    Test worker] .b.t.c.SpringBootTestContextBootstrapper : Found @SpringBootConfiguration sem3indiv.Sem3IndivApplication for test class sem3indiv.controller.CardControllerTest
2023-01-13 09:43:53.397  INFO 31356 --- [    Test worker] .b.t.a.w.s.WebMvcTestContextBootstrapper : Loaded default TestExecutionListener class names from location [META-INF/spring.factories]: [org.springframework.boot.test.autoconfigure.restdocs.RestDocsTestExecutionListener, org.springframework.boot.test.autoconfigure.web.client.MockRestServiceServerResetTestExecutionListener, org.springframework.boot.test.autoconfigure.web.servlet.MockMvcPrintOnlyOnFailureTestExecutionListener, org.springframework.boot.test.autoconfigure.web.servlet.WebDriverTestExecutionListener, org.springframework.boot.test.autoconfigure.webservices.client.MockWebServiceServerTestExecutionListener, org.springframework.boot.test.mock.mockito.MockitoTestExecutionListener, org.springframework.boot.test.mock.mockito.ResetMocksTestExecutionListener, org.springframework.test.context.web.ServletTestExecutionListener, org.springframework.test.context.support.DirtiesContextBeforeModesTestExecutionListener, org.springframework.test.context.event.ApplicationEventsTestExecutionListener, org.springframework.test.context.support.DependencyInjectionTestExecutionListener, org.springframework.test.context.support.DirtiesContextTestExecutionListener, org.springframework.test.context.transaction.TransactionalTestExecutionListener, org.springframework.test.context.jdbc.SqlScriptsTestExecutionListener, org.springframework.test.context.event.EventPublishingTestExecutionListener]
2023-01-13 09:43:53.397  INFO 31356 --- [    Test worker] .b.t.a.w.s.WebMvcTestContextBootstrapper : Using TestExecutionListeners: [org.springframework.test.context.web.ServletTestExecutionListener@22eccd2c, org.springframework.test.context.support.DirtiesContextBeforeModesTestExecutionListener@ddca64d, org.springframework.test.context.event.ApplicationEventsTestExecutionListener@5d39797a, org.springframework.boot.test.mock.mockito.MockitoTestExecutionListener@6bc6400e, org.springframework.boot.test.autoconfigure.SpringBootDependencyInjectionTestExecutionListener@2f0765f7, org.springframework.test.context.support.DirtiesContextTestExecutionListener@47814094, org.springframework.test.context.transaction.TransactionalTestExecutionListener@51e513b7, org.springframework.test.context.jdbc.SqlScriptsTestExecutionListener@87affb5, org.springframework.test.context.event.EventPublishingTestExecutionListener@1c461b90, org.springframework.boot.test.autoconfigure.restdocs.RestDocsTestExecutionListener@518e6d6c, org.springframework.boot.test.autoconfigure.web.client.MockRestServiceServerResetTestExecutionListener@280fa441, org.springframework.boot.test.autoconfigure.web.servlet.MockMvcPrintOnlyOnFailureTestExecutionListener@77d771a2, org.springframework.boot.test.autoconfigure.web.servlet.WebDriverTestExecutionListener@5be17e53, org.springframework.boot.test.autoconfigure.webservices.client.MockWebServiceServerTestExecutionListener@79a68d4e, org.springframework.boot.test.mock.mockito.ResetMocksTestExecutionListener@2cde0397]

  .   ____          _            __ _ _
 /\\ / ___'_ __ _ _(_)_ __  __ _ \ \ \ \
( ( )\___ | '_ | '_| | '_ \/ _` | \ \ \ \
 \\/  ___)| |_)| | | | | || (_| |  ) ) ) )
  '  |____| .__|_| |_|_| |_\__, | / / / /
 =========|_|==============|___/=/_/_/_/
 :: Spring Boot ::                (v2.7.3)

2023-01-13 09:43:53.430  INFO 31356 --- [    Test worker] sem3indiv.controller.CardControllerTest  : Starting CardControllerTest using Java 17.0.4.1 on LAPTOP-FQG2IJSA with PID 31356 (started by timv in C:\Users\timve\Desktop\Fontys\Sem3\Individuele-opdracht\git\JavaProject\Sem3Individual)
2023-01-13 09:43:53.430  INFO 31356 --- [    Test worker] sem3indiv.controller.CardControllerTest  : No active profile set, falling back to 1 default profile: "default"
2023-01-13 09:43:53.819  WARN 31356 --- [    Test worker] .s.s.UserDetailsServiceAutoConfiguration : 

Using generated security password: 40e298ad-4633-4b1f-8116-114a95cba6e8

This generated password is for development use only. Your security configuration must be updated before running your application in production.

2023-01-13 09:43:53.881  INFO 31356 --- [    Test worker] o.s.s.web.DefaultSecurityFilterChain     : Will secure any request with [org.springframework.security.web.session.DisableEncodeUrlFilter@7408b3db, org.springframework.security.web.context.request.async.WebAsyncManagerIntegrationFilter@54b45cfe, org.springframework.security.web.context.SecurityContextPersistenceFilter@7a2b8501, org.springframework.security.web.header.HeaderWriterFilter@5ea206bc, org.springframework.security.web.authentication.logout.LogoutFilter@511936ad, org.springframework.security.web.savedrequest.RequestCacheAwareFilter@7b6bcbee, org.springframework.security.web.servletapi.SecurityContextHolderAwareRequestFilter@3532b5d9, org.springframework.security.web.authentication.AnonymousAuthenticationFilter@462ccaa8, org.springframework.security.web.session.SessionManagementFilter@7c87c960, org.springframework.security.web.access.ExceptionTranslationFilter@3c0403a]
2023-01-13 09:43:54.216  INFO 31356 --- [    Test worker] o.s.b.t.m.w.SpringBootMockServletContext : Initializing Spring TestDispatcherServlet ''
2023-01-13 09:43:54.216  INFO 31356 --- [    Test worker] o.s.t.web.servlet.TestDispatcherServlet  : Initializing Servlet ''
2023-01-13 09:43:54.217  INFO 31356 --- [    Test worker] o.s.t.web.servlet.TestDispatcherServlet  : Completed initialization in 1 ms
2023-01-13 09:43:54.237  INFO 31356 --- [    Test worker] sem3indiv.controller.CardControllerTest  : Started CardControllerTest in 0.836 seconds (JVM running for 7.512)

MockHttpServletRequest:
      HTTP Method = GET
      Request URI = /cards
       Parameters = {}
          Headers = []
             Body = null
    Session Attrs = {}

Handler:
             Type = sem3indiv.controller.CardController
           Method = sem3indiv.controller.CardController#getCards()

Async:
    Async started = false
     Async result = null

Resolved Exception:
             Type = null

ModelAndView:
        View name = null
             View = null
            Model = null

FlashMap:
       Attributes = null

MockHttpServletResponse:
           Status = 200
    Error message = null
          Headers = [Vary:"Origin", "Access-Control-Request-Method", "Access-Control-Request-Headers", Content-Type:"application/json", X-Content-Type-Options:"nosniff", X-XSS-Protection:"1; mode=block", Cache-Control:"no-cache, no-store, max-age=0, must-revalidate", Pragma:"no-cache", Expires:"0", X-Frame-Options:"DENY"]
     Content type = application/json
             Body = {"cards":[{"id":1,"name":"Testcard","type":"Monster","desc":null,"atk":0,"def":0,"level":0,"race":null,"attribute":null,"link":0,"ogbanlist":null,"card_image":null},{"id":2,"name":"Dark Magician","type":"Monster","desc":null,"atk":0,"def":0,"level":0,"race":null,"attribute":null,"link":0,"ogbanlist":null,"card_image":null}]}
    Forwarded URL = null
   Redirected URL = null
          Cookies = []
]]></system-out>
  <system-err><![CDATA[]]></system-err>
</testsuite>
