<?xml version="1.0" encoding="UTF-8"?>
<testsuite name="sem3indiv.logic.impl.GetBanlistUseCaseImplTest" tests="1" skipped="0" failures="0" errors="0" timestamp="2023-01-13T08:52:00" hostname="LAPTOP-FQG2IJSA" time="0.003">
  <properties/>
  <testcase name="getBanlists()" classname="sem3indiv.logic.impl.GetBanlistUseCaseImplTest" time="0.003"/>
  <system-out><![CDATA[]]></system-out>
  <system-err><![CDATA[]]></system-err>
</testsuite>
