<?xml version="1.0" encoding="UTF-8"?>
<testsuite name="sem3indiv.logic.impl.LoginUseCaseImplTest" tests="1" skipped="0" failures="0" errors="0" timestamp="2023-01-11T16:23:08" hostname="LAPTOP-FQG2IJSA" time="0.014">
  <properties/>
  <testcase name="login_ShouldReturnInvalidCredentialException()" classname="sem3indiv.logic.impl.LoginUseCaseImplTest" time="0.014"/>
  <system-out><![CDATA[]]></system-out>
  <system-err><![CDATA[]]></system-err>
</testsuite>
