<?xml version="1.0" encoding="UTF-8"?>
<testsuite name="sem3indiv.logic.impl.UpdateCardImageUseCaseImplTest" tests="2" skipped="0" failures="0" errors="0" timestamp="2023-01-11T16:23:08" hostname="LAPTOP-FQG2IJSA" time="0.008">
  <properties/>
  <testcase name="updateCardImage_ShouldReturnException()" classname="sem3indiv.logic.impl.UpdateCardImageUseCaseImplTest" time="0.004"/>
  <testcase name="updateCardImage()" classname="sem3indiv.logic.impl.UpdateCardImageUseCaseImplTest" time="0.004"/>
  <system-out><![CDATA[]]></system-out>
  <system-err><![CDATA[]]></system-err>
</testsuite>
