<?xml version="1.0" encoding="UTF-8"?>
<testsuite name="sem3indiv.controller.ExternalControllerTest2" tests="2" skipped="0" failures="0" errors="0" timestamp="2023-01-13T08:43:55" hostname="LAPTOP-FQG2IJSA" time="1.108">
  <properties/>
  <testcase name="updateCardImage_ShouldReturnException()" classname="sem3indiv.controller.ExternalControllerTest2" time="0.275"/>
  <testcase name="updateCardImage()" classname="sem3indiv.controller.ExternalControllerTest2" time="0.831"/>
  <system-out><![CDATA[2023-01-13 09:43:54.746  INFO 31356 --- [    Test worker] .b.t.a.w.s.WebMvcTestContextBootstrapper : Neither @ContextConfiguration nor @ContextHierarchy found for test class [sem3indiv.controller.ExternalControllerTest2], using SpringBootContextLoader
2023-01-13 09:43:54.747  INFO 31356 --- [    Test worker] o.s.t.c.support.AbstractContextLoader    : Could not detect default resource locations for test class [sem3indiv.controller.ExternalControllerTest2]: no resource found for suffixes {-context.xml, Context.groovy}.
2023-01-13 09:43:54.747  INFO 31356 --- [    Test worker] t.c.s.AnnotationConfigContextLoaderUtils : Could not detect default configuration classes for test class [sem3indiv.controller.ExternalControllerTest2]: ExternalControllerTest2 does not declare any static, non-private, non-final, nested classes annotated with @Configuration.
2023-01-13 09:43:54.752  INFO 31356 --- [    Test worker] .b.t.c.SpringBootTestContextBootstrapper : Found @SpringBootConfiguration sem3indiv.Sem3IndivApplication for test class sem3indiv.controller.ExternalControllerTest2
2023-01-13 09:43:54.753  INFO 31356 --- [    Test worker] .b.t.a.w.s.WebMvcTestContextBootstrapper : Loaded default TestExecutionListener class names from location [META-INF/spring.factories]: [org.springframework.boot.test.autoconfigure.restdocs.RestDocsTestExecutionListener, org.springframework.boot.test.autoconfigure.web.client.MockRestServiceServerResetTestExecutionListener, org.springframework.boot.test.autoconfigure.web.servlet.MockMvcPrintOnlyOnFailureTestExecutionListener, org.springframework.boot.test.autoconfigure.web.servlet.WebDriverTestExecutionListener, org.springframework.boot.test.autoconfigure.webservices.client.MockWebServiceServerTestExecutionListener, org.springframework.boot.test.mock.mockito.MockitoTestExecutionListener, org.springframework.boot.test.mock.mockito.ResetMocksTestExecutionListener, org.springframework.test.context.web.ServletTestExecutionListener, org.springframework.test.context.support.DirtiesContextBeforeModesTestExecutionListener, org.springframework.test.context.event.ApplicationEventsTestExecutionListener, org.springframework.test.context.support.DependencyInjectionTestExecutionListener, org.springframework.test.context.support.DirtiesContextTestExecutionListener, org.springframework.test.context.transaction.TransactionalTestExecutionListener, org.springframework.test.context.jdbc.SqlScriptsTestExecutionListener, org.springframework.test.context.event.EventPublishingTestExecutionListener]
2023-01-13 09:43:54.754  INFO 31356 --- [    Test worker] .b.t.a.w.s.WebMvcTestContextBootstrapper : Using TestExecutionListeners: [org.springframework.test.context.web.ServletTestExecutionListener@720d5d1b, org.springframework.test.context.support.DirtiesContextBeforeModesTestExecutionListener@588931b9, org.springframework.test.context.event.ApplicationEventsTestExecutionListener@3b977a31, org.springframework.boot.test.mock.mockito.MockitoTestExecutionListener@3cce6db1, org.springframework.boot.test.autoconfigure.SpringBootDependencyInjectionTestExecutionListener@24331ab6, org.springframework.test.context.support.DirtiesContextTestExecutionListener@35a6f370, org.springframework.test.context.transaction.TransactionalTestExecutionListener@35e04107, org.springframework.test.context.jdbc.SqlScriptsTestExecutionListener@7a8c01ef, org.springframework.test.context.event.EventPublishingTestExecutionListener@465652a2, org.springframework.boot.test.autoconfigure.restdocs.RestDocsTestExecutionListener@4469046b, org.springframework.boot.test.autoconfigure.web.client.MockRestServiceServerResetTestExecutionListener@73b68d98, org.springframework.boot.test.autoconfigure.web.servlet.MockMvcPrintOnlyOnFailureTestExecutionListener@69af6978, org.springframework.boot.test.autoconfigure.web.servlet.WebDriverTestExecutionListener@1d18e5ad, org.springframework.boot.test.autoconfigure.webservices.client.MockWebServiceServerTestExecutionListener@11def039, org.springframework.boot.test.mock.mockito.ResetMocksTestExecutionListener@564375d7]
]]></system-out>
  <system-err><![CDATA[]]></system-err>
</testsuite>
