<?xml version="1.0" encoding="UTF-8"?>
<testsuite name="sem3indiv.controller.ExternalControllerTest2" tests="2" skipped="0" failures="0" errors="0" timestamp="2023-01-11T16:23:07" hostname="LAPTOP-FQG2IJSA" time="1.095">
  <properties/>
  <testcase name="updateCardImage_ShouldReturnException()" classname="sem3indiv.controller.ExternalControllerTest2" time="0.269"/>
  <testcase name="updateCardImage()" classname="sem3indiv.controller.ExternalControllerTest2" time="0.825"/>
  <system-out><![CDATA[2023-01-11 17:23:06.682  INFO 4432 --- [    Test worker] .b.t.a.w.s.WebMvcTestContextBootstrapper : Neither @ContextConfiguration nor @ContextHierarchy found for test class [sem3indiv.controller.ExternalControllerTest2], using SpringBootContextLoader
2023-01-11 17:23:06.683  INFO 4432 --- [    Test worker] o.s.t.c.support.AbstractContextLoader    : Could not detect default resource locations for test class [sem3indiv.controller.ExternalControllerTest2]: no resource found for suffixes {-context.xml, Context.groovy}.
2023-01-11 17:23:06.683  INFO 4432 --- [    Test worker] t.c.s.AnnotationConfigContextLoaderUtils : Could not detect default configuration classes for test class [sem3indiv.controller.ExternalControllerTest2]: ExternalControllerTest2 does not declare any static, non-private, non-final, nested classes annotated with @Configuration.
2023-01-11 17:23:06.688  INFO 4432 --- [    Test worker] .b.t.c.SpringBootTestContextBootstrapper : Found @SpringBootConfiguration sem3indiv.Sem3IndivApplication for test class sem3indiv.controller.ExternalControllerTest2
2023-01-11 17:23:06.689  INFO 4432 --- [    Test worker] .b.t.a.w.s.WebMvcTestContextBootstrapper : Loaded default TestExecutionListener class names from location [META-INF/spring.factories]: [org.springframework.boot.test.autoconfigure.restdocs.RestDocsTestExecutionListener, org.springframework.boot.test.autoconfigure.web.client.MockRestServiceServerResetTestExecutionListener, org.springframework.boot.test.autoconfigure.web.servlet.MockMvcPrintOnlyOnFailureTestExecutionListener, org.springframework.boot.test.autoconfigure.web.servlet.WebDriverTestExecutionListener, org.springframework.boot.test.autoconfigure.webservices.client.MockWebServiceServerTestExecutionListener, org.springframework.boot.test.mock.mockito.MockitoTestExecutionListener, org.springframework.boot.test.mock.mockito.ResetMocksTestExecutionListener, org.springframework.test.context.web.ServletTestExecutionListener, org.springframework.test.context.support.DirtiesContextBeforeModesTestExecutionListener, org.springframework.test.context.event.ApplicationEventsTestExecutionListener, org.springframework.test.context.support.DependencyInjectionTestExecutionListener, org.springframework.test.context.support.DirtiesContextTestExecutionListener, org.springframework.test.context.transaction.TransactionalTestExecutionListener, org.springframework.test.context.jdbc.SqlScriptsTestExecutionListener, org.springframework.test.context.event.EventPublishingTestExecutionListener]
2023-01-11 17:23:06.689  INFO 4432 --- [    Test worker] .b.t.a.w.s.WebMvcTestContextBootstrapper : Using TestExecutionListeners: [org.springframework.test.context.web.ServletTestExecutionListener@564375d7, org.springframework.test.context.support.DirtiesContextBeforeModesTestExecutionListener@44b522ce, org.springframework.test.context.event.ApplicationEventsTestExecutionListener@1e5a8278, org.springframework.boot.test.mock.mockito.MockitoTestExecutionListener@7863e6b2, org.springframework.boot.test.autoconfigure.SpringBootDependencyInjectionTestExecutionListener@3543c9a4, org.springframework.test.context.support.DirtiesContextTestExecutionListener@588d2e90, org.springframework.test.context.transaction.TransactionalTestExecutionListener@120e3ebb, org.springframework.test.context.jdbc.SqlScriptsTestExecutionListener@753f1c3e, org.springframework.test.context.event.EventPublishingTestExecutionListener@5e9af5d4, org.springframework.boot.test.autoconfigure.restdocs.RestDocsTestExecutionListener@6fd2b939, org.springframework.boot.test.autoconfigure.web.client.MockRestServiceServerResetTestExecutionListener@c4aa99e, org.springframework.boot.test.autoconfigure.web.servlet.MockMvcPrintOnlyOnFailureTestExecutionListener@1199ac5, org.springframework.boot.test.autoconfigure.web.servlet.WebDriverTestExecutionListener@824eb67, org.springframework.boot.test.autoconfigure.webservices.client.MockWebServiceServerTestExecutionListener@72c5902b, org.springframework.boot.test.mock.mockito.ResetMocksTestExecutionListener@2b9ac1b4]
]]></system-out>
  <system-err><![CDATA[]]></system-err>
</testsuite>
