<?xml version="1.0" encoding="UTF-8"?>
<testsuite name="sem3indiv.logic.impl.GetCardUseCaseImplTest" tests="2" skipped="0" failures="0" errors="0" timestamp="2023-01-13T08:52:00" hostname="LAPTOP-FQG2IJSA" time="0.002">
  <properties/>
  <testcase name="getCardName_ShouldReturnNull()" classname="sem3indiv.logic.impl.GetCardUseCaseImplTest" time="0.001"/>
  <testcase name="getCardName()" classname="sem3indiv.logic.impl.GetCardUseCaseImplTest" time="0.001"/>
  <system-out><![CDATA[]]></system-out>
  <system-err><![CDATA[]]></system-err>
</testsuite>
