<?xml version="1.0" encoding="UTF-8"?>
<testsuite name="sem3indiv.controller.CardControllerTest" tests="1" skipped="0" failures="0" errors="0" timestamp="2023-01-11T16:23:06" hostname="LAPTOP-FQG2IJSA" time="0.022">
  <properties/>
  <testcase name="getCards()" classname="sem3indiv.controller.CardControllerTest" time="0.022"/>
  <system-out><![CDATA[2023-01-11 17:23:05.220  INFO 4432 --- [    Test worker] .b.t.a.w.s.WebMvcTestContextBootstrapper : Neither @ContextConfiguration nor @ContextHierarchy found for test class [sem3indiv.controller.CardControllerTest], using SpringBootContextLoader
2023-01-11 17:23:05.221  INFO 4432 --- [    Test worker] o.s.t.c.support.AbstractContextLoader    : Could not detect default resource locations for test class [sem3indiv.controller.CardControllerTest]: no resource found for suffixes {-context.xml, Context.groovy}.
2023-01-11 17:23:05.222  INFO 4432 --- [    Test worker] t.c.s.AnnotationConfigContextLoaderUtils : Could not detect default configuration classes for test class [sem3indiv.controller.CardControllerTest]: CardControllerTest does not declare any static, non-private, non-final, nested classes annotated with @Configuration.
2023-01-11 17:23:05.229  INFO 4432 --- [    Test worker] .b.t.c.SpringBootTestContextBootstrapper : Found @SpringBootConfiguration sem3indiv.Sem3IndivApplication for test class sem3indiv.controller.CardControllerTest
2023-01-11 17:23:05.230  INFO 4432 --- [    Test worker] .b.t.a.w.s.WebMvcTestContextBootstrapper : Loaded default TestExecutionListener class names from location [META-INF/spring.factories]: [org.springframework.boot.test.autoconfigure.restdocs.RestDocsTestExecutionListener, org.springframework.boot.test.autoconfigure.web.client.MockRestServiceServerResetTestExecutionListener, org.springframework.boot.test.autoconfigure.web.servlet.MockMvcPrintOnlyOnFailureTestExecutionListener, org.springframework.boot.test.autoconfigure.web.servlet.WebDriverTestExecutionListener, org.springframework.boot.test.autoconfigure.webservices.client.MockWebServiceServerTestExecutionListener, org.springframework.boot.test.mock.mockito.MockitoTestExecutionListener, org.springframework.boot.test.mock.mockito.ResetMocksTestExecutionListener, org.springframework.test.context.web.ServletTestExecutionListener, org.springframework.test.context.support.DirtiesContextBeforeModesTestExecutionListener, org.springframework.test.context.event.ApplicationEventsTestExecutionListener, org.springframework.test.context.support.DependencyInjectionTestExecutionListener, org.springframework.test.context.support.DirtiesContextTestExecutionListener, org.springframework.test.context.transaction.TransactionalTestExecutionListener, org.springframework.test.context.jdbc.SqlScriptsTestExecutionListener, org.springframework.test.context.event.EventPublishingTestExecutionListener]
2023-01-11 17:23:05.231  INFO 4432 --- [    Test worker] .b.t.a.w.s.WebMvcTestContextBootstrapper : Using TestExecutionListeners: [org.springframework.test.context.web.ServletTestExecutionListener@2cde0397, org.springframework.test.context.support.DirtiesContextBeforeModesTestExecutionListener@60483dcf, org.springframework.test.context.event.ApplicationEventsTestExecutionListener@308bd473, org.springframework.boot.test.mock.mockito.MockitoTestExecutionListener@7d0ae3d1, org.springframework.boot.test.autoconfigure.SpringBootDependencyInjectionTestExecutionListener@2114955c, org.springframework.test.context.support.DirtiesContextTestExecutionListener@1362f4, org.springframework.test.context.transaction.TransactionalTestExecutionListener@6e5506c9, org.springframework.test.context.jdbc.SqlScriptsTestExecutionListener@446b74b9, org.springframework.test.context.event.EventPublishingTestExecutionListener@41d0b71d, org.springframework.boot.test.autoconfigure.restdocs.RestDocsTestExecutionListener@5a4f7911, org.springframework.boot.test.autoconfigure.web.client.MockRestServiceServerResetTestExecutionListener@1cea4fdf, org.springframework.boot.test.autoconfigure.web.servlet.MockMvcPrintOnlyOnFailureTestExecutionListener@33b3e47, org.springframework.boot.test.autoconfigure.web.servlet.WebDriverTestExecutionListener@47970962, org.springframework.boot.test.autoconfigure.webservices.client.MockWebServiceServerTestExecutionListener@66b16770, org.springframework.boot.test.mock.mockito.ResetMocksTestExecutionListener@286b48ce]

  .   ____          _            __ _ _
 /\\ / ___'_ __ _ _(_)_ __  __ _ \ \ \ \
( ( )\___ | '_ | '_| | '_ \/ _` | \ \ \ \
 \\/  ___)| |_)| | | | | || (_| |  ) ) ) )
  '  |____| .__|_| |_|_| |_\__, | / / / /
 =========|_|==============|___/=/_/_/_/
 :: Spring Boot ::                (v2.7.3)

2023-01-11 17:23:05.269  INFO 4432 --- [    Test worker] sem3indiv.controller.CardControllerTest  : Starting CardControllerTest using Java 17.0.4.1 on LAPTOP-FQG2IJSA with PID 4432 (started by timv in C:\Users\timve\Desktop\Fontys\Sem3\Individuele opdracht\git\JavaProject\Sem3Individual)
2023-01-11 17:23:05.270  INFO 4432 --- [    Test worker] sem3indiv.controller.CardControllerTest  : No active profile set, falling back to 1 default profile: "default"
2023-01-11 17:23:05.657  WARN 4432 --- [    Test worker] .s.s.UserDetailsServiceAutoConfiguration : 

Using generated security password: 3cd908e8-edbd-4031-a590-d51d0ba77855

This generated password is for development use only. Your security configuration must be updated before running your application in production.

2023-01-11 17:23:05.722  INFO 4432 --- [    Test worker] o.s.s.web.DefaultSecurityFilterChain     : Will secure any request with [org.springframework.security.web.session.DisableEncodeUrlFilter@4be7661, org.springframework.security.web.context.request.async.WebAsyncManagerIntegrationFilter@349c9bfa, org.springframework.security.web.context.SecurityContextPersistenceFilter@26c09f3f, org.springframework.security.web.header.HeaderWriterFilter@191a3448, org.springframework.security.web.authentication.logout.LogoutFilter@7af45006, org.springframework.security.web.savedrequest.RequestCacheAwareFilter@37d92db4, org.springframework.security.web.servletapi.SecurityContextHolderAwareRequestFilter@7fa9e773, org.springframework.security.web.authentication.AnonymousAuthenticationFilter@1479c527, org.springframework.security.web.session.SessionManagementFilter@3943c449, org.springframework.security.web.access.ExceptionTranslationFilter@6fbfd6ed]
2023-01-11 17:23:06.067  INFO 4432 --- [    Test worker] o.s.b.t.m.w.SpringBootMockServletContext : Initializing Spring TestDispatcherServlet ''
2023-01-11 17:23:06.068  INFO 4432 --- [    Test worker] o.s.t.web.servlet.TestDispatcherServlet  : Initializing Servlet ''
2023-01-11 17:23:06.069  INFO 4432 --- [    Test worker] o.s.t.web.servlet.TestDispatcherServlet  : Completed initialization in 1 ms
2023-01-11 17:23:06.083  INFO 4432 --- [    Test worker] sem3indiv.controller.CardControllerTest  : Started CardControllerTest in 0.849 seconds (JVM running for 7.321)

MockHttpServletRequest:
      HTTP Method = GET
      Request URI = /cards
       Parameters = {}
          Headers = []
             Body = null
    Session Attrs = {}

Handler:
             Type = sem3indiv.controller.CardController
           Method = sem3indiv.controller.CardController#getCards()

Async:
    Async started = false
     Async result = null

Resolved Exception:
             Type = null

ModelAndView:
        View name = null
             View = null
            Model = null

FlashMap:
       Attributes = null

MockHttpServletResponse:
           Status = 200
    Error message = null
          Headers = [Vary:"Origin", "Access-Control-Request-Method", "Access-Control-Request-Headers", Content-Type:"application/json", X-Content-Type-Options:"nosniff", X-XSS-Protection:"1; mode=block", Cache-Control:"no-cache, no-store, max-age=0, must-revalidate", Pragma:"no-cache", Expires:"0", X-Frame-Options:"DENY"]
     Content type = application/json
             Body = {"cards":[{"id":1,"name":"Testcard","type":"Monster","desc":null,"atk":0,"def":0,"level":0,"race":null,"attribute":null,"link":0,"ogbanlist":null,"card_image":null},{"id":2,"name":"Dark Magician","type":"Monster","desc":null,"atk":0,"def":0,"level":0,"race":null,"attribute":null,"link":0,"ogbanlist":null,"card_image":null}]}
    Forwarded URL = null
   Redirected URL = null
          Cookies = []
]]></system-out>
  <system-err><![CDATA[]]></system-err>
</testsuite>
