<?xml version="1.0" encoding="UTF-8"?>
<testsuite name="sem3indiv.logic.impl.CreateBanlistUseCaseImplTest" tests="1" skipped="0" failures="0" errors="0" timestamp="2023-01-11T16:23:08" hostname="LAPTOP-FQG2IJSA" time="0.054">
  <properties/>
  <testcase name="createBanlist()" classname="sem3indiv.logic.impl.CreateBanlistUseCaseImplTest" time="0.054"/>
  <system-out><![CDATA[CreateBanlistResponse(banlistId=1, name=Banlist Number One)
]]></system-out>
  <system-err><![CDATA[]]></system-err>
</testsuite>
