<?xml version="1.0" encoding="UTF-8"?>
<testsuite name="sem3indiv.logic.impl.DeleteUserUseCaseImplTest" tests="1" skipped="0" failures="0" errors="0" timestamp="2023-01-13T08:43:56" hostname="LAPTOP-FQG2IJSA" time="0.002">
  <properties/>
  <testcase name="deleteUser()" classname="sem3indiv.logic.impl.DeleteUserUseCaseImplTest" time="0.002"/>
  <system-out><![CDATA[]]></system-out>
  <system-err><![CDATA[]]></system-err>
</testsuite>
