<?xml version="1.0" encoding="UTF-8"?>
<testsuite name="sem3indiv.logic.impl.GetBanlistByIdImplTest" tests="1" skipped="0" failures="0" errors="0" timestamp="2023-01-13T08:52:00" hostname="LAPTOP-FQG2IJSA" time="0.005">
  <properties/>
  <testcase name="getBanlist()" classname="sem3indiv.logic.impl.GetBanlistByIdImplTest" time="0.005"/>
  <system-out><![CDATA[]]></system-out>
  <system-err><![CDATA[]]></system-err>
</testsuite>
